<?xml version="1.0" encoding="UTF-8"?>
<testng-results skipped="0" failed="0" ignored="0" total="1" passed="1">
  <reporter-output>
  </reporter-output>
  <suite name="Default suite" duration-ms="31368" started-at="2018-07-27T15:40:39Z" finished-at="2018-07-27T15:41:10Z">
    <groups>
    </groups>
    <test name="Default test" duration-ms="31368" started-at="2018-07-27T15:40:39Z" finished-at="2018-07-27T15:41:10Z">
      <class name="TestNG.ScreenShot">
        <test-method status="PASS" signature="login()[pri:0, instance:TestNG.ScreenShot@47c62251]" name="login" duration-ms="31312" started-at="2018-07-27T15:40:39Z" finished-at="2018-07-27T15:41:10Z">
          <reporter-output>
          </reporter-output>
        </test-method> <!-- login -->
      </class> <!-- TestNG.ScreenShot -->
    </test> <!-- Default test -->
  </suite> <!-- Default suite -->
</testng-results>
